Flutter crash report.
Please report a bug at https://github.com/flutter/flutter/issues.

## command

flutter run

## exception

StateError: Bad state: No element

```
#0      Stream.first.<anonymous closure> (dart:async/stream.dart:1653:32)
<asynchronous suspension>
#1      AnsiTerminal.promptForCharInput (package:flutter_tools/src/base/terminal.dart:394:17)
<asynchronous suspension>
#2      TargetDevices._readUserInput (package:flutter_tools/src/runner/target_devices.dart:363:27)
<asynchronous suspension>
#3      TargetDevices._chooseOneOfAvailableDevices (package:flutter_tools/src/runner/target_devices.dart:346:30)
<asynchronous suspension>
#4      TargetDevices._selectFromMultipleDevices (package:flutter_tools/src/runner/target_devices.dart:316:33)
<asynchronous suspension>
#5      RunCommand.validateCommand (package:flutter_tools/src/commands/run.dart:686:15)
<asynchronous suspension>
#6      FlutterCommand.verifyThenRunCommand (package:flutter_tools/src/runner/flutter_command.dart:1952:5)
<asynchronous suspension>
#7      FlutterCommand.run.<anonymous closure> (package:flutter_tools/src/runner/flutter_command.dart:1630:27)
<asynchronous suspension>
#8      AppContext.run.<anonymous closure> (package:flutter_tools/src/base/context.dart:154:19)
<asynchronous suspension>
#9      CommandRunner.runCommand (package:args/command_runner.dart:212:13)
<asynchronous suspension>
#10     FlutterCommandRunner.runCommand.<anonymous closure> (package:flutter_tools/src/runner/flutter_command_runner.dart:496:9)
<asynchronous suspension>
#11     AppContext.run.<anonymous closure> (package:flutter_tools/src/base/context.dart:154:19)
<asynchronous suspension>
#12     FlutterCommandRunner.runCommand (package:flutter_tools/src/runner/flutter_command_runner.dart:431:5)
<asynchronous suspension>
#13     FlutterCommandRunner.run.<anonymous closure> (package:flutter_tools/src/runner/flutter_command_runner.dart:307:33)
<asynchronous suspension>
#14     run.<anonymous closure>.<anonymous closure> (package:flutter_tools/runner.dart:104:11)
<asynchronous suspension>
#15     AppContext.run.<anonymous closure> (package:flutter_tools/src/base/context.dart:154:19)
<asynchronous suspension>
#16     main (package:flutter_tools/executable.dart:103:3)
<asynchronous suspension>
```

## flutter doctor

```
[✓] Flutter (Channel stable, 3.44.6, on Microsoft Windows [Version 10.0.26200.8655], locale en-US) [520ms]
    • Flutter version 3.44.6 on channel stable at C:\flutter_windows_3.44.6-stable\flutter
    • Upstream repository https://github.com/flutter/flutter.git
    • Framework revision ee80f08bbf (4 days ago), 2026-07-08 15:02:06 -0700
    • Engine revision 83675ed276
    • Dart version 3.12.2
    • DevTools version 2.57.0
    • Feature flags: enable-web, enable-linux-desktop, enable-macos-desktop, enable-windows-desktop, enable-android, enable-ios, cli-animations, enable-native-assets, enable-swift-package-manager, omit-legacy-version-file, enable-lldb-debugging, enable-uiscene-migration

[✓] Windows Version (11 Pro 64-bit, 25H2, 2009) [1,421ms]

[✓] Android toolchain - develop for Android devices (Android SDK version 36.1.0) [3.5s]
    • Android SDK at C:\Users\Dell\AppData\Local\Android\sdk
    • Emulator version 36.6.11.0 (build_id 15507667) (CL:N/A)
    • Platform android-36.1, build-tools 36.1.0
    • Java binary at: C:\Program Files\Android\Android Studio\jbr\bin\java
      This is the JDK bundled with the latest Android Studio installation on this machine.
      To manually set the JDK path, use: `flutter config --jdk-dir="path/to/jdk"`.
    • Java version OpenJDK Runtime Environment (build 21.0.10+-14961533-b1163.108)
    • All Android licenses accepted.

[✓] Chrome - develop for the web [27ms]
    • Chrome at C:\Program Files\Google\Chrome\Application\chrome.exe

[✗] Visual Studio - develop Windows apps [24ms]
    ✗ Visual Studio not installed; this is necessary to develop Windows apps.
      Download at https://visualstudio.microsoft.com/downloads/.
      Please install the "Desktop development with C++" workload, including all of its default components

[✓] Connected device (3 available) [250ms]
    • Windows (desktop) • windows • windows-x64    • Microsoft Windows [Version 10.0.26200.8655]
    • Chrome (web)      • chrome  • web-javascript • Google Chrome 150.0.7871.101
    • Edge (web)        • edge    • web-javascript • Microsoft Edge 150.0.4078.65
    ! Device 10BG6L1HX7003QC is not authorized.
      You might need to check your device for an authorization dialog.

[✓] Network resources [2.3s]
    • All expected network resources are available.

! Doctor found issues in 1 category.
```
